"../../../../../Downloads/Tools/ScarletNexus/REDStrings/REDStrings/Content/L10N/en/Database/Text/DT_ItemDescription.uasset" 0
"../../../../../Downloads/Tools/ScarletNexus/REDStrings/REDStrings/Content/L10N/en/Database/Text/DT_ItemName.uasset" 1
"../../../../../Downloads/Tools/ScarletNexus/REDStrings/REDStrings/Content/Base/Materials/Textures/T_ch_NoiseMap.uasset" 2
"../../../../../Downloads/Tools/ScarletNexus/REDStrings/REDStrings/Content/Blueprint/Character/Costume/FPlayerCostumeData.uasset" 3
"../../../../../Downloads/Tools/ScarletNexus/REDStrings/REDStrings/Content/Blueprint/Character/Costume/DT_Costume_ch0100.uasset" 4
"../../../../../Downloads/Tools/ScarletNexus/REDStrings/REDStrings/Content/Blueprint/Character/Costume/DT_Costume_ch0200.uasset" 5
"../../../../../Downloads/Tools/ScarletNexus/REDStrings/REDStrings/Content/Blueprint/Character/Costume/DT_Costume_ch0300.uasset" 6
"../../../../../Downloads/Tools/ScarletNexus/REDStrings/REDStrings/Content/Blueprint/Character/Costume/DT_Costume_ch0400.uasset" 7
"../../../../../Downloads/Tools/ScarletNexus/REDStrings/REDStrings/Content/Blueprint/Character/Costume/DT_Costume_ch0500.uasset" 8
"../../../../../Downloads/Tools/ScarletNexus/REDStrings/REDStrings/Content/Blueprint/Character/Costume/DT_Costume_ch0600.uasset" 9
"../../../../../Downloads/Tools/ScarletNexus/REDStrings/REDStrings/Content/Blueprint/Character/Costume/DT_Costume_ch0700.uasset" 10
"../../../../../Downloads/Tools/ScarletNexus/REDStrings/REDStrings/Content/Blueprint/Character/Costume/DT_Costume_ch0800.uasset" 11
"../../../../../Downloads/Tools/ScarletNexus/REDStrings/REDStrings/Content/Blueprint/Character/Costume/DT_Costume_ch0900.uasset" 12
"../../../../../Downloads/Tools/ScarletNexus/REDStrings/REDStrings/Content/Blueprint/Character/Costume/DT_Costume_ch1000.uasset" 13
"../../../../../Downloads/Tools/ScarletNexus/REDStrings/REDStrings/Content/Character/00_Common/03_Texture/PositionOffset.uasset" 14
"../../../../../Downloads/Tools/ScarletNexus/REDStrings/REDStrings/Content/Character/00_Common/03_Texture/T_em0000_vanish_noise.uasset" 15
"../../../../../Downloads/Tools/ScarletNexus/REDStrings/REDStrings/Content/Character/00_Common/03_Texture/T_em0000_weak01.uasset" 16
"../../../../../Downloads/Tools/ScarletNexus/REDStrings/REDStrings/Content/Character/00_Common/03_Texture/T_PatternMap.uasset" 17
"../../../../../Downloads/Tools/ScarletNexus/REDStrings/REDStrings/Content/Character/00_Common/03_Texture/T_SASHard_mask.uasset" 18
"../../../../../Downloads/Tools/ScarletNexus/REDStrings/REDStrings/Content/Character/00_Common/03_Texture/T_Wave_Tile_00.uasset" 19
"../../../../../Downloads/Tools/ScarletNexus/REDStrings/REDStrings/Content/Character/ch/ch0200/03_Texture/T_ch0200_Eye_AMB.uasset" 20
"../../../../../Downloads/Tools/ScarletNexus/REDStrings/REDStrings/Content/Character/ch/ch0200/03_Texture/T_ch0200_HairP_COL.uasset" 21
"../../../../../Downloads/Tools/ScarletNexus/REDStrings/REDStrings/Content/Character/ch/ch0200/03_Texture/T_ch0200_Skin_DMG_High.uasset" 22
"../../../Engine/Content/Functions/Engine_MaterialFunctions02/SafeNormalize.uasset" 23
"../../../Engine/Content/Functions/Engine_MaterialFunctions02/SplitComponents.uasset" 24
"../../../Engine/Content/Functions/Engine_MaterialFunctions02/Utility/BlendAngleCorrectedNormals.uasset" 25
"../../../Engine/Content/Functions/Engine_MaterialFunctions02/Utility/CustomReflectionVector.uasset" 26
"../../../Engine/Content/Functions/Engine_MaterialFunctions02/Utility/MakeFloat3.uasset" 27
"../../../Engine/Content/Functions/Engine_MaterialFunctions02/WorldPositionOffset/LocalPosition.uasset" 28
"../../../../../Downloads/Tools/ScarletNexus/REDStrings/REDStrings/Content/Character/00_Common/01_Material/MF/MF_ch_HeightGradationSet.uasset" 29
"../../../Engine/Content/EngineResources/DefaultTexture.uasset" 30
"../../../../../Downloads/Tools/ScarletNexus/REDStrings/REDStrings/Content/Character/ch/ch0100/03_Texture/T_ch0100_Eye_NML.uasset" 31
"../../../../../Downloads/Tools/ScarletNexus/REDStrings/REDStrings/Content/Character/ch/ch0200/03_Texture/T_ch0200_Hair_AMB.uasset" 32
"../../../../../Downloads/Tools/ScarletNexus/REDStrings/REDStrings/Content/Character/ch/ch0200/03_Texture/T_ch0200_Hair_CTL.uasset" 33
"../../../../../Downloads/Tools/ScarletNexus/REDStrings/REDStrings/Content/M_Dummy.uasset" 34
"../../../../../Downloads/Tools/ScarletNexus/REDStrings/REDStrings/Content/Character/ch/ch0100/03_Texture/T_ch0100_Eye_CTL.uasset" 35
"../../../../../Downloads/Tools/ScarletNexus/REDStrings/REDStrings/Content/Character/ch/ch0200/03_Texture/T_ch0200_Body_COL.uasset" 36
"../../../../../Downloads/Tools/ScarletNexus/REDStrings/REDStrings/Content/Character/ch/ch0200/03_Texture/T_ch0200_Body_CTL.uasset" 37
"../../../../../Downloads/Tools/ScarletNexus/REDStrings/REDStrings/Content/Character/ch/ch0200/03_Texture/T_ch0200_Body_NML.uasset" 38
"../../../../../Downloads/Tools/ScarletNexus/REDStrings/REDStrings/Content/Character/ch/ch0200/02_Material_i/MI_ch0200_BODY_0.uasset" 39
"../../../../../Downloads/Tools/ScarletNexus/REDStrings/REDStrings/Content/Character/ch/ch0200/03_Texture/T_ch0200_Eye_COL.uasset" 40
"../../../../../Downloads/Tools/ScarletNexus/REDStrings/REDStrings/Content/Character/ch/ch0200/03_Texture/T_ch0200_Eye_CTL.uasset" 41
"../../../../../Downloads/Tools/ScarletNexus/REDStrings/REDStrings/Content/Character/ch/ch0200/02_Material_i/MI_ch0200_EYE_0.uasset" 42
"../../../Engine/Content/EngineMaterials/BlendFunc_DefBase.uasset" 43
"../../../Engine/Content/EngineMaterials/BlendFunc_DefBlend.uasset" 44
"../../../Engine/Content/Functions/Engine_MaterialFunctions03/Blends/Blend_Overlay.uasset" 45
"../../../../../Downloads/Tools/ScarletNexus/REDStrings/REDStrings/Content/Character/ch/ch1000/03_Texture/T_ch1000_Hair_AMB.uasset" 46
"../../../../../Downloads/Tools/ScarletNexus/REDStrings/REDStrings/Content/Character/ch/ch1000/03_Texture/T_ch1000_Hair_COL.uasset" 47
"../../../../../Downloads/Tools/ScarletNexus/REDStrings/REDStrings/Content/Character/ch/ch1000/03_Texture/T_ch1000_Hair_CTL.uasset" 48
"../../../../../Downloads/Tools/ScarletNexus/REDStrings/REDStrings/Content/Character/ch/ch1000/03_Texture/T_ch1000_Hair_NML.uasset" 49
"../../../../../Downloads/Tools/ScarletNexus/REDStrings/REDStrings/Content/Character/00_Common/01_Material/MM_DummyHair.uasset" 50
"../../../../../Downloads/Tools/ScarletNexus/REDStrings/REDStrings/Content/Character/00_Common/02_Material_i/MI_ch_HAIR.uasset" 51
"../../../../../Downloads/Tools/ScarletNexus/REDStrings/REDStrings/Content/Character/ch/ch0200/03_Texture/T_ch0200_Hair_COL.uasset" 52
"../../../../../Downloads/Tools/ScarletNexus/REDStrings/REDStrings/Content/Character/ch/ch0200/03_Texture/T_ch0200_Hair_NML.uasset" 53
"../../../../../Downloads/Tools/ScarletNexus/REDStrings/REDStrings/Content/Character/ch/ch0200/02_Material_i/MI_ch0200_HAIR_0.uasset" 54
"../../../../../Downloads/Tools/ScarletNexus/REDStrings/REDStrings/Content/Character/ch/ch0200/03_Texture/T_ch0200_Hood_COL.uasset" 55
"../../../../../Downloads/Tools/ScarletNexus/REDStrings/REDStrings/Content/Character/ch/ch0200/03_Texture/T_ch0200_Hood_CTL.uasset" 56
"../../../../../Downloads/Tools/ScarletNexus/REDStrings/REDStrings/Content/Character/ch/ch0200/03_Texture/T_ch0200_Hood_NML.uasset" 57
"../../../../../Downloads/Tools/ScarletNexus/REDStrings/REDStrings/Content/Character/ch/ch0200/02_Material_i/MI_ch0200_HOOD_0.uasset" 58
"../../../../../Downloads/Tools/ScarletNexus/REDStrings/REDStrings/Content/Character/ch/ch0200/03_Texture/T_ch0200_Mask_COL.uasset" 59
"../../../../../Downloads/Tools/ScarletNexus/REDStrings/REDStrings/Content/Character/ch/ch0200/03_Texture/T_ch0200_Mask_CTL.uasset" 60
"../../../../../Downloads/Tools/ScarletNexus/REDStrings/REDStrings/Content/Character/ch/ch0200/02_Material_i/MI_ch0200_MASK_0.uasset" 61
"../../../../../Downloads/Tools/ScarletNexus/REDStrings/REDStrings/Content/Character/00_Common/01_Material/MM_ch_OUTLINE.uasset" 62
"../../../../../Downloads/Tools/ScarletNexus/REDStrings/REDStrings/Content/Character/00_Common/02_Material_i/MI_ch_OUTLINE.uasset" 63
"../../../../../Downloads/Tools/ScarletNexus/REDStrings/REDStrings/Content/Character/ch/ch0200/02_Material_i/MI_ch0200_OUTLINE_0.uasset" 64
"../../../../../Downloads/Tools/ScarletNexus/REDStrings/REDStrings/Content/Character/ch/ch0200/03_Texture/T_ch0200_Skin_AMB.uasset" 65
"../../../../../Downloads/Tools/ScarletNexus/REDStrings/REDStrings/Content/Character/ch/ch0200/03_Texture/T_ch0200_Skin_COL.uasset" 66
"../../../../../Downloads/Tools/ScarletNexus/REDStrings/REDStrings/Content/Character/ch/ch0200/03_Texture/T_ch0200_Skin_CTL.uasset" 67
"../../../../../Downloads/Tools/ScarletNexus/REDStrings/REDStrings/Content/Character/ch/ch0200/03_Texture/T_ch0200_Skin_DMG.uasset" 68
"../../../../../Downloads/Tools/ScarletNexus/REDStrings/REDStrings/Content/Character/ch/ch0200/03_Texture/T_ch0200_Skin_NML.uasset" 69
"../../../../../Downloads/Tools/ScarletNexus/REDStrings/REDStrings/Content/Character/ch/ch0200/02_Material_i/MI_ch0200_SKIN_0.uasset" 70
"../../../../../Downloads/Tools/ScarletNexus/REDStrings/REDStrings/Content/Character/00_Common/03_Texture/T_ch0000_Wire_COL.uasset" 71
"../../../../../Downloads/Tools/ScarletNexus/REDStrings/REDStrings/Content/Environment/00_Common/03_Texture/T_en_oObjGrid01.uasset" 72
"../../../../../Downloads/Tools/ScarletNexus/REDStrings/REDStrings/Content/Character/00_Common/01_Material/MM_ch_Wire.uasset" 73
"../../../../../Downloads/Tools/ScarletNexus/REDStrings/REDStrings/Content/Character/00_Common/02_Material_i/MI_ch_Wire.uasset" 74
"../../../../../Downloads/Tools/ScarletNexus/REDStrings/REDStrings/Content/Character/ch/ch0200/02_Material_i/MI_ch0200_WIRE_0.uasset" 75
"../../../../../Downloads/Tools/ScarletNexus/REDStrings/REDStrings/Content/Character/00_Common/02_Material_i/MI_ch_Wire_Masked.uasset" 76
"../../../../../Downloads/Tools/ScarletNexus/REDStrings/REDStrings/Content/Character/ch/ch0200/02_Material_i/MI_ch0200_WIRE_1.uasset" 77
"../../../../../Downloads/Tools/ScarletNexus/REDStrings/REDStrings/Content/Character/ch/ch0200/04_Mesh/PH_ch0200.uasset" 78
"../../../../../Downloads/Tools/ScarletNexus/REDStrings/REDStrings/Content/Character/ch/ch0200/04_Mesh/SK_ch0200.uasset" 79
"../../../../../Downloads/Tools/ScarletNexus/REDStrings/REDStrings/Content/Character/ch/ch0200/04_Mesh/SP_ch0200.uasset" 80
"../../../../../Downloads/Tools/ScarletNexus/REDStrings/REDStrings/Content/Character/ch/ch0200/04_Mesh/SM_ch0200.uasset" 81
"../../../../../Downloads/Tools/ScarletNexus/REDStrings/REDStrings/Content/Character/ch/ch0200/03_Texture/T_ch0200_Body_1_COL.uasset" 82
"../../../../../Downloads/Tools/ScarletNexus/REDStrings/REDStrings/Content/Character/ch/ch0200/03_Texture/T_ch0200_Body_1_CTL.uasset" 83
"../../../../../Downloads/Tools/ScarletNexus/REDStrings/REDStrings/Content/Character/ch/ch0200/03_Texture/T_ch0200_Body_1_NML.uasset" 84
"../../../../../Downloads/Tools/ScarletNexus/REDStrings/REDStrings/Content/Character/ch/ch0200/02_Material_i/MI_ch0200_BODY_1.uasset" 85
"../../../../../Downloads/Tools/ScarletNexus/REDStrings/REDStrings/Content/Character/ch/ch0200/03_Texture/T_ch0200_Skin_COL_ALT.uasset" 86
"../../../../../Downloads/Tools/ScarletNexus/REDStrings/REDStrings/Content/Character/ch/ch0200/02_Material_i/MI_ch0200_SKIN_0_Alt.uasset" 87
"../../../../../Downloads/Tools/ScarletNexus/REDStrings/REDStrings/Content/Character/ch/ch0200/03_Texture/T_ch0200_SKIN_1_AMB.uasset" 88
"../../../../../Downloads/Tools/ScarletNexus/REDStrings/REDStrings/Content/Character/ch/ch0200/03_Texture/T_ch0200_SKIN_1_COL.uasset" 89
"../../../../../Downloads/Tools/ScarletNexus/REDStrings/REDStrings/Content/Character/ch/ch0200/03_Texture/T_ch0200_Skin_1_CTL.uasset" 90
"../../../../../Downloads/Tools/ScarletNexus/REDStrings/REDStrings/Content/Character/ch/ch0200/03_Texture/T_ch0200_Skin_1_NML.uasset" 91
"../../../../../Downloads/Tools/ScarletNexus/REDStrings/REDStrings/Content/Character/ch/ch0200/03_Texture/T_ch0200_Skin_DMG_ALT.uasset" 92
"../../../../../Downloads/Tools/ScarletNexus/REDStrings/REDStrings/Content/Character/ch/ch0200/02_Material_i/MI_ch0200_SKIN_1.uasset" 93
"../../../../../Downloads/Tools/ScarletNexus/REDStrings/REDStrings/Content/Character/ch/ch0200/04_Mesh/SM_ch0215.uasset" 94
"../../../../../Downloads/Tools/ScarletNexus/REDStrings/REDStrings/Content/Character/ch/ch0300/03_Texture/T_ch0300_Hood_COL.uasset" 95
"../../../../../Downloads/Tools/ScarletNexus/REDStrings/REDStrings/Content/Character/ch/ch0300/03_Texture/T_ch0300_Hood_CTL.uasset" 96
"../../../../../Downloads/Tools/ScarletNexus/REDStrings/REDStrings/Content/Character/ch/ch0300/03_Texture/T_ch0300_Hood_NML.uasset" 97
"../../../../../Downloads/Tools/ScarletNexus/REDStrings/REDStrings/Content/Character/ch/ch0300/02_Material_i/MI_ch0300_HOOD_0.uasset" 98
"../../../../../Downloads/Tools/ScarletNexus/REDStrings/REDStrings/Content/Character/ch/ch0300/03_Texture/T_ch0300_Mask_COL.uasset" 99
"../../../../../Downloads/Tools/ScarletNexus/REDStrings/REDStrings/Content/Character/ch/ch0300/03_Texture/T_ch0300_Mask_CTL.uasset" 100
"../../../../../Downloads/Tools/ScarletNexus/REDStrings/REDStrings/Content/Character/ch/ch0300/02_Material_i/MI_ch0300_MASK_0.uasset" 101
"../../../../../Downloads/Tools/ScarletNexus/REDStrings/REDStrings/Content/Character/ch/ch0300/02_Material_i/MI_ch0300_WIRE_0.uasset" 102
"../../../../../Downloads/Tools/ScarletNexus/REDStrings/REDStrings/Content/Character/ch/ch0300/02_Material_i/MI_ch0300_WIRE_1.uasset" 103
"../../../../../Downloads/Tools/ScarletNexus/REDStrings/REDStrings/Content/Character/ch/ch0300/03_Texture/T_ch0300_Body_COL.uasset" 104
"../../../../../Downloads/Tools/ScarletNexus/REDStrings/REDStrings/Content/Character/ch/ch0300/03_Texture/T_ch0300_Body_CTL.uasset" 105
"../../../../../Downloads/Tools/ScarletNexus/REDStrings/REDStrings/Content/Character/ch/ch0300/03_Texture/T_ch0300_Body_NML.uasset" 106
"../../../../../Downloads/Tools/ScarletNexus/REDStrings/REDStrings/Content/Character/ch/ch0300/02_Material_i/MI_ch0300_BODY_0.uasset" 107
"../../../../../Downloads/Tools/ScarletNexus/REDStrings/REDStrings/Content/Character/ch/ch0300/03_Texture/T_ch0300_SKIN_1_COL.uasset" 108
"../../../../../Downloads/Tools/ScarletNexus/REDStrings/REDStrings/Content/Character/ch/ch0300/03_Texture/T_ch0300_SKIN_1_CTL.uasset" 109
"../../../../../Downloads/Tools/ScarletNexus/REDStrings/REDStrings/Content/Character/ch/ch0300/03_Texture/T_ch0300_SKIN_1_NML.uasset" 110
"../../../../../Downloads/Tools/ScarletNexus/REDStrings/REDStrings/Content/Character/ch/ch0300/02_Material_i/MI_ch0300_BODY_1.uasset" 111
"../../../../../Downloads/Tools/ScarletNexus/REDStrings/REDStrings/Content/Character/ch/ch0300/03_Texture/T_ch0300_Eye_AMB.uasset" 112
"../../../../../Downloads/Tools/ScarletNexus/REDStrings/REDStrings/Content/Character/ch/ch0300/03_Texture/T_ch0300_Eye_COL.uasset" 113
"../../../../../Downloads/Tools/ScarletNexus/REDStrings/REDStrings/Content/Character/ch/ch0300/03_Texture/T_ch0300_Eye_CTL.uasset" 114
"../../../../../Downloads/Tools/ScarletNexus/REDStrings/REDStrings/Content/Character/ch/ch0300/02_Material_i/MI_ch0300_EYE_0.uasset" 115
"../../../../../Downloads/Tools/ScarletNexus/REDStrings/REDStrings/Content/Character/ch/ch0300/03_Texture/T_ch0300_Hair_AMB.uasset" 116
"../../../../../Downloads/Tools/ScarletNexus/REDStrings/REDStrings/Content/Character/ch/ch0300/03_Texture/T_ch0300_Hair_COL.uasset" 117
"../../../../../Downloads/Tools/ScarletNexus/REDStrings/REDStrings/Content/Character/ch/ch0300/03_Texture/T_ch0300_Hair_CTL.uasset" 118
"../../../../../Downloads/Tools/ScarletNexus/REDStrings/REDStrings/Content/Character/ch/ch0300/03_Texture/T_ch0300_Hair_NML.uasset" 119
"../../../../../Downloads/Tools/ScarletNexus/REDStrings/REDStrings/Content/Character/ch/ch0300/02_Material_i/MI_ch0300_HAIR_0.uasset" 120
"../../../../../Downloads/Tools/ScarletNexus/REDStrings/REDStrings/Content/Character/ch/ch0300/02_Material_i/MI_ch0300_OUTLINE_0.uasset" 121
"../../../../../Downloads/Tools/ScarletNexus/REDStrings/REDStrings/Content/Character/ch/ch0300/03_Texture/T_ch0300_Skin_AMB.uasset" 122
"../../../../../Downloads/Tools/ScarletNexus/REDStrings/REDStrings/Content/Character/ch/ch0300/03_Texture/T_ch0300_Skin_COL.uasset" 123
"../../../../../Downloads/Tools/ScarletNexus/REDStrings/REDStrings/Content/Character/ch/ch0300/03_Texture/T_ch0300_Skin_CTL.uasset" 124
"../../../../../Downloads/Tools/ScarletNexus/REDStrings/REDStrings/Content/Character/ch/ch0300/03_Texture/T_ch0300_Skin_NML.uasset" 125
"../../../../../Downloads/Tools/ScarletNexus/REDStrings/REDStrings/Content/Character/ch/ch0300/02_Material_i/MI_ch0300_SKIN_0.uasset" 126
"../../../../../Downloads/Tools/ScarletNexus/REDStrings/REDStrings/Content/Character/ch/ch0300/03_Texture/T_ch0300_SKIN_1_AMB.uasset" 127
"../../../../../Downloads/Tools/ScarletNexus/REDStrings/REDStrings/Content/Character/ch/ch0300/02_Material_i/MI_ch0300_SKIN_1.uasset" 128
"../../../../../Downloads/Tools/ScarletNexus/REDStrings/REDStrings/Content/Character/ch/ch0300/03_Texture/T_ch0300_Skin_COL_ALT.uasset" 129
"../../../../../Downloads/Tools/ScarletNexus/REDStrings/REDStrings/Content/Character/ch/ch0300/02_Material_i/MI_ch0300_SKIN_Alt.uasset" 130
"../../../../../Downloads/Tools/ScarletNexus/REDStrings/REDStrings/Content/Character/ch/ch0300/04_Mesh/PH_ch0300.uasset" 131
"../../../../../Downloads/Tools/ScarletNexus/REDStrings/REDStrings/Content/Character/ch/ch0300/04_Mesh/SK_ch0300.uasset" 132
"../../../../../Downloads/Tools/ScarletNexus/REDStrings/REDStrings/Content/Character/ch/ch0300/04_Mesh/SP_ch0300.uasset" 133
"../../../../../Downloads/Tools/ScarletNexus/REDStrings/REDStrings/Content/Character/ch/ch0300/04_Mesh/SM_ch0300.uasset" 134
"../../../../../Downloads/Tools/ScarletNexus/REDStrings/REDStrings/Content/Character/ch/ch0300/04_Mesh/SM_ch0315.uasset" 135
"../../../../../Downloads/Tools/ScarletNexus/REDStrings/REDStrings/Content/Character/ch/ch0500/03_Texture/T_ch0500_Hood_COL.uasset" 136
"../../../../../Downloads/Tools/ScarletNexus/REDStrings/REDStrings/Content/Character/ch/ch0500/03_Texture/T_ch0500_Hood_CTL.uasset" 137
"../../../../../Downloads/Tools/ScarletNexus/REDStrings/REDStrings/Content/Character/ch/ch0500/03_Texture/T_ch0500_Hood_NML.uasset" 138
"../../../../../Downloads/Tools/ScarletNexus/REDStrings/REDStrings/Content/Character/ch/ch0500/02_Material_i/MI_ch0500_HOOD_0.uasset" 139
"../../../../../Downloads/Tools/ScarletNexus/REDStrings/REDStrings/Content/Character/ch/ch0500/03_Texture/T_ch0500_Mask_COL.uasset" 140
"../../../../../Downloads/Tools/ScarletNexus/REDStrings/REDStrings/Content/Character/ch/ch0500/03_Texture/T_ch0500_Mask_CTL.uasset" 141
"../../../../../Downloads/Tools/ScarletNexus/REDStrings/REDStrings/Content/Character/ch/ch0500/02_Material_i/MI_ch0500_MASK_0.uasset" 142
"../../../../../Downloads/Tools/ScarletNexus/REDStrings/REDStrings/Content/Character/ch/ch0500/02_Material_i/MI_ch0500_WIRE_0.uasset" 143
"../../../../../Downloads/Tools/ScarletNexus/REDStrings/REDStrings/Content/Character/ch/ch0500/02_Material_i/MI_ch0500_WIRE_1.uasset" 144
"../../../../../Downloads/Tools/ScarletNexus/REDStrings/REDStrings/Content/Character/ch/ch0500/03_Texture/T_ch0500_Body_COL.uasset" 145
"../../../../../Downloads/Tools/ScarletNexus/REDStrings/REDStrings/Content/Character/ch/ch0500/03_Texture/T_ch0500_Body_CTL.uasset" 146
"../../../../../Downloads/Tools/ScarletNexus/REDStrings/REDStrings/Content/Character/ch/ch0500/03_Texture/T_ch0500_Body_NML.uasset" 147
"../../../../../Downloads/Tools/ScarletNexus/REDStrings/REDStrings/Content/Character/ch/ch0500/02_Material_i/MI_ch0500_BODY_0.uasset" 148
"../../../../../Downloads/Tools/ScarletNexus/REDStrings/REDStrings/Content/Character/ch/ch0500/03_Texture/T_ch0500_SKIN_1_COL.uasset" 149
"../../../../../Downloads/Tools/ScarletNexus/REDStrings/REDStrings/Content/Character/ch/ch0500/03_Texture/T_ch0500_SKIN_1_CTL.uasset" 150
"../../../../../Downloads/Tools/ScarletNexus/REDStrings/REDStrings/Content/Character/ch/ch0500/03_Texture/T_ch0500_SKIN_1_NML.uasset" 151
"../../../../../Downloads/Tools/ScarletNexus/REDStrings/REDStrings/Content/Character/ch/ch0500/02_Material_i/MI_ch0500_BODY_1.uasset" 152
"../../../../../Downloads/Tools/ScarletNexus/REDStrings/REDStrings/Content/Character/ch/ch0500/03_Texture/T_ch0500_Eye_AMB.uasset" 153
"../../../../../Downloads/Tools/ScarletNexus/REDStrings/REDStrings/Content/Character/ch/ch0500/03_Texture/T_ch0500_Eye_COL.uasset" 154
"../../../../../Downloads/Tools/ScarletNexus/REDStrings/REDStrings/Content/Character/ch/ch0500/03_Texture/T_ch0500_Eye_CTL.uasset" 155
"../../../../../Downloads/Tools/ScarletNexus/REDStrings/REDStrings/Content/Character/ch/ch0500/02_Material_i/MI_ch0500_EYE_0.uasset" 156
"../../../../../Downloads/Tools/ScarletNexus/REDStrings/REDStrings/Content/Character/ch/ch0500/03_Texture/T_ch0500_Hair_AMB.uasset" 157
"../../../../../Downloads/Tools/ScarletNexus/REDStrings/REDStrings/Content/Character/ch/ch0500/03_Texture/T_ch0500_Hair_COL.uasset" 158
"../../../../../Downloads/Tools/ScarletNexus/REDStrings/REDStrings/Content/Character/ch/ch0500/03_Texture/T_ch0500_Hair_CTL.uasset" 159
"../../../../../Downloads/Tools/ScarletNexus/REDStrings/REDStrings/Content/Character/ch/ch0500/03_Texture/T_ch0500_Hair_NML.uasset" 160
"../../../../../Downloads/Tools/ScarletNexus/REDStrings/REDStrings/Content/Character/ch/ch0500/02_Material_i/MI_ch0500_HAIR_0.uasset" 161
"../../../../../Downloads/Tools/ScarletNexus/REDStrings/REDStrings/Content/Character/ch/ch0500/02_Material_i/MI_ch0500_OUTLINE_0.uasset" 162
"../../../../../Downloads/Tools/ScarletNexus/REDStrings/REDStrings/Content/Character/ch/ch0500/03_Texture/T_ch0500_Skin_AMB.uasset" 163
"../../../../../Downloads/Tools/ScarletNexus/REDStrings/REDStrings/Content/Character/ch/ch0500/03_Texture/T_ch0500_Skin_COL.uasset" 164
"../../../../../Downloads/Tools/ScarletNexus/REDStrings/REDStrings/Content/Character/ch/ch0500/03_Texture/T_ch0500_Skin_CTL.uasset" 165
"../../../../../Downloads/Tools/ScarletNexus/REDStrings/REDStrings/Content/Character/ch/ch0500/03_Texture/T_ch0500_Skin_NML.uasset" 166
"../../../../../Downloads/Tools/ScarletNexus/REDStrings/REDStrings/Content/Character/ch/ch0500/02_Material_i/MI_ch0500_SKIN_0.uasset" 167
"../../../../../Downloads/Tools/ScarletNexus/REDStrings/REDStrings/Content/Character/ch/ch0500/03_Texture/T_ch0500_SKIN_1_AMB.uasset" 168
"../../../../../Downloads/Tools/ScarletNexus/REDStrings/REDStrings/Content/Character/ch/ch0500/02_Material_i/MI_ch0500_SKIN_1.uasset" 169
"../../../../../Downloads/Tools/ScarletNexus/REDStrings/REDStrings/Content/Character/ch/ch0500/03_Texture/T_ch0500_Skin_COL_ALT.uasset" 170
"../../../../../Downloads/Tools/ScarletNexus/REDStrings/REDStrings/Content/Character/ch/ch0500/02_Material_i/MI_ch0500_SKIN_ALT.uasset" 171
"../../../../../Downloads/Tools/ScarletNexus/REDStrings/REDStrings/Content/Character/ch/ch0500/04_Mesh/PH_ch0500.uasset" 172
"../../../../../Downloads/Tools/ScarletNexus/REDStrings/REDStrings/Content/Character/ch/ch0500/04_Mesh/SK_ch0500.uasset" 173
"../../../../../Downloads/Tools/ScarletNexus/REDStrings/REDStrings/Content/Character/ch/ch0500/04_Mesh/SP_ch0500.uasset" 174
"../../../../../Downloads/Tools/ScarletNexus/REDStrings/REDStrings/Content/Character/ch/ch0500/04_Mesh/SM_ch0500.uasset" 175
"../../../../../Downloads/Tools/ScarletNexus/REDStrings/REDStrings/Content/Character/ch/ch0500/04_Mesh/SM_ch0515.uasset" 176
"../../../../../Downloads/Tools/ScarletNexus/REDStrings/REDStrings/Content/Character/ch/ch0900/02_Material_i/MI_ch0900_HOOD_0.uasset" 177
"../../../../../Downloads/Tools/ScarletNexus/REDStrings/REDStrings/Content/Character/ch/ch0900/02_Material_i/MI_ch0900_MASK_0.uasset" 178
"../../../../../Downloads/Tools/ScarletNexus/REDStrings/REDStrings/Content/Character/ch/ch0900/02_Material_i/MI_ch0900_WIRE_0.uasset" 179
"../../../../../Downloads/Tools/ScarletNexus/REDStrings/REDStrings/Content/Character/ch/ch0900/02_Material_i/MI_ch0900_WIRE_1.uasset" 180
"../../../../../Downloads/Tools/ScarletNexus/REDStrings/REDStrings/Content/Character/ch/ch0900/03_Texture/T_ch0900_Hood_COL.uasset" 181
"../../../../../Downloads/Tools/ScarletNexus/REDStrings/REDStrings/Content/Character/ch/ch0900/03_Texture/T_ch0900_Hood_CTL.uasset" 182
"../../../../../Downloads/Tools/ScarletNexus/REDStrings/REDStrings/Content/Character/ch/ch0900/03_Texture/T_ch0900_Hood_NML.uasset" 183
"../../../../../Downloads/Tools/ScarletNexus/REDStrings/REDStrings/Content/Character/ch/ch0900/03_Texture/T_ch0900_Mask_COL.uasset" 184
"../../../../../Downloads/Tools/ScarletNexus/REDStrings/REDStrings/Content/Character/ch/ch0900/03_Texture/T_ch0900_Mask_CTL.uasset" 185
"../../../../../Downloads/Tools/ScarletNexus/REDStrings/REDStrings/Content/Character/ch/ch0900/03_Texture/T_ch0900_Body_COL.uasset" 186
"../../../../../Downloads/Tools/ScarletNexus/REDStrings/REDStrings/Content/Character/ch/ch0900/03_Texture/T_ch0900_Body_CTL.uasset" 187
"../../../../../Downloads/Tools/ScarletNexus/REDStrings/REDStrings/Content/Character/ch/ch0900/03_Texture/T_ch0900_Body_NML.uasset" 188
"../../../../../Downloads/Tools/ScarletNexus/REDStrings/REDStrings/Content/Character/ch/ch0900/02_Material_i/MI_ch0900_BODY_0.uasset" 189
"../../../../../Downloads/Tools/ScarletNexus/REDStrings/REDStrings/Content/Character/ch/ch0900/03_Texture/T_ch0900_Eye_AMB.uasset" 190
"../../../../../Downloads/Tools/ScarletNexus/REDStrings/REDStrings/Content/Character/ch/ch0900/03_Texture/T_ch0900_Eye_COL.uasset" 191
"../../../../../Downloads/Tools/ScarletNexus/REDStrings/REDStrings/Content/Character/ch/ch0900/03_Texture/T_ch0900_Eye_CTL.uasset" 192
"../../../../../Downloads/Tools/ScarletNexus/REDStrings/REDStrings/Content/Character/ch/ch0900/02_Material_i/MI_ch0900_EYE_0.uasset" 193
"../../../../../Downloads/Tools/ScarletNexus/REDStrings/REDStrings/Content/Character/ch/ch0900/03_Texture/T_ch0900_Hair_AMB.uasset" 194
"../../../../../Downloads/Tools/ScarletNexus/REDStrings/REDStrings/Content/Character/ch/ch0900/03_Texture/T_ch0900_Hair_COL.uasset" 195
"../../../../../Downloads/Tools/ScarletNexus/REDStrings/REDStrings/Content/Character/ch/ch0900/03_Texture/T_ch0900_Hair_CTL.uasset" 196
"../../../../../Downloads/Tools/ScarletNexus/REDStrings/REDStrings/Content/Character/ch/ch0900/03_Texture/T_ch0900_Hair_NML.uasset" 197
"../../../../../Downloads/Tools/ScarletNexus/REDStrings/REDStrings/Content/Character/ch/ch0900/02_Material_i/MI_ch0900_HAIR_0.uasset" 198
"../../../../../Downloads/Tools/ScarletNexus/REDStrings/REDStrings/Content/Character/ch/ch0900/02_Material_i/MI_ch0900_OUTLINE_0.uasset" 199
"../../../../../Downloads/Tools/ScarletNexus/REDStrings/REDStrings/Content/Character/ch/ch0900/03_Texture/T_ch0900_Skin_AMB.uasset" 200
"../../../../../Downloads/Tools/ScarletNexus/REDStrings/REDStrings/Content/Character/ch/ch0900/03_Texture/T_ch0900_Skin_COL.uasset" 201
"../../../../../Downloads/Tools/ScarletNexus/REDStrings/REDStrings/Content/Character/ch/ch0900/03_Texture/T_ch0900_Skin_CTL.uasset" 202
"../../../../../Downloads/Tools/ScarletNexus/REDStrings/REDStrings/Content/Character/ch/ch0900/03_Texture/T_ch0900_Skin_NML.uasset" 203
"../../../../../Downloads/Tools/ScarletNexus/REDStrings/REDStrings/Content/Character/ch/ch0900/02_Material_i/MI_ch0900_SKIN_0.uasset" 204
"../../../../../Downloads/Tools/ScarletNexus/REDStrings/REDStrings/Content/Character/ch/ch0900/03_Texture/T_ch0900_SKIN_1_AMB.uasset" 205
"../../../../../Downloads/Tools/ScarletNexus/REDStrings/REDStrings/Content/Character/ch/ch0900/03_Texture/T_ch0900_SKIN_1_COL.uasset" 206
"../../../../../Downloads/Tools/ScarletNexus/REDStrings/REDStrings/Content/Character/ch/ch0900/03_Texture/T_ch0900_SKIN_1_CTL.uasset" 207
"../../../../../Downloads/Tools/ScarletNexus/REDStrings/REDStrings/Content/Character/ch/ch0900/03_Texture/T_ch0900_SKIN_1_NML.uasset" 208
"../../../../../Downloads/Tools/ScarletNexus/REDStrings/REDStrings/Content/Character/ch/ch0900/02_Material_i/MI_ch0900_SKIN_1.uasset" 209
"../../../../../Downloads/Tools/ScarletNexus/REDStrings/REDStrings/Content/Character/ch/ch0900/04_Mesh/PH_ch0900.uasset" 210
"../../../../../Downloads/Tools/ScarletNexus/REDStrings/REDStrings/Content/Character/ch/ch0900/04_Mesh/SK_ch0900.uasset" 211
"../../../../../Downloads/Tools/ScarletNexus/REDStrings/REDStrings/Content/Character/ch/ch0900/04_Mesh/SP_ch0900.uasset" 212
"../../../../../Downloads/Tools/ScarletNexus/REDStrings/REDStrings/Content/Character/ch/ch0900/04_Mesh/SM_ch0900.uasset" 213
"../../../../../Downloads/Tools/ScarletNexus/REDStrings/REDStrings/Content/Character/ch/ch0900/04_Mesh/SM_ch0915.uasset" 214
"../../../../../Downloads/Tools/ScarletNexus/REDStrings/REDStrings/Content/Character/ch/ch1000/03_Texture/T_ch1000_Hood_COL.uasset" 215
"../../../../../Downloads/Tools/ScarletNexus/REDStrings/REDStrings/Content/Character/ch/ch1000/03_Texture/T_ch1000_Hood_CTL.uasset" 216
"../../../../../Downloads/Tools/ScarletNexus/REDStrings/REDStrings/Content/Character/ch/ch1000/03_Texture/T_ch1000_Hood_NML.uasset" 217
"../../../../../Downloads/Tools/ScarletNexus/REDStrings/REDStrings/Content/Character/ch/ch1000/02_Material_i/MI_ch1000_HOOD_0.uasset" 218
"../../../../../Downloads/Tools/ScarletNexus/REDStrings/REDStrings/Content/Character/ch/ch1000/03_Texture/T_ch1000_Mask_COL.uasset" 219
"../../../../../Downloads/Tools/ScarletNexus/REDStrings/REDStrings/Content/Character/ch/ch1000/03_Texture/T_ch1000_Mask_CTL.uasset" 220
"../../../../../Downloads/Tools/ScarletNexus/REDStrings/REDStrings/Content/Character/ch/ch1000/02_Material_i/MI_ch1000_MASK_0.uasset" 221
"../../../../../Downloads/Tools/ScarletNexus/REDStrings/REDStrings/Content/Character/ch/ch1000/02_Material_i/MI_ch1000_WIRE_0.uasset" 222
"../../../../../Downloads/Tools/ScarletNexus/REDStrings/REDStrings/Content/Character/ch/ch1000/02_Material_i/MI_ch1000_WIRE_1.uasset" 223
"../../../../../Downloads/Tools/ScarletNexus/REDStrings/REDStrings/Content/Character/ch/ch1000/03_Texture/T_ch1000_Body_COL.uasset" 224
"../../../../../Downloads/Tools/ScarletNexus/REDStrings/REDStrings/Content/Character/ch/ch1000/03_Texture/T_ch1000_Body_CTL.uasset" 225
"../../../../../Downloads/Tools/ScarletNexus/REDStrings/REDStrings/Content/Character/ch/ch1000/03_Texture/T_ch1000_Body_NML.uasset" 226
"../../../../../Downloads/Tools/ScarletNexus/REDStrings/REDStrings/Content/Character/ch/ch1000/02_Material_i/MI_ch1000_BODY_0.uasset" 227
"../../../../../Downloads/Tools/ScarletNexus/REDStrings/REDStrings/Content/Character/ch/ch1000/03_Texture/T_ch1000_Eye_AMB.uasset" 228
"../../../../../Downloads/Tools/ScarletNexus/REDStrings/REDStrings/Content/Character/ch/ch1000/03_Texture/T_ch1000_Eye_COL.uasset" 229
"../../../../../Downloads/Tools/ScarletNexus/REDStrings/REDStrings/Content/Character/ch/ch1000/03_Texture/T_ch1000_Eye_CTL.uasset" 230
"../../../../../Downloads/Tools/ScarletNexus/REDStrings/REDStrings/Content/Character/ch/ch1000/02_Material_i/MI_ch1000_EYE_0.uasset" 231
"../../../../../Downloads/Tools/ScarletNexus/REDStrings/REDStrings/Content/Character/ch/ch1000/02_Material_i/MI_ch1000_HAIR_0.uasset" 232
"../../../../../Downloads/Tools/ScarletNexus/REDStrings/REDStrings/Content/Character/ch/ch1000/02_Material_i/MI_ch1000_OUTLINE_0.uasset" 233
"../../../../../Downloads/Tools/ScarletNexus/REDStrings/REDStrings/Content/Character/ch/ch1000/03_Texture/T_ch1000_Skin_AMB.uasset" 234
"../../../../../Downloads/Tools/ScarletNexus/REDStrings/REDStrings/Content/Character/ch/ch1000/03_Texture/T_ch1000_Skin_COL.uasset" 235
"../../../../../Downloads/Tools/ScarletNexus/REDStrings/REDStrings/Content/Character/ch/ch1000/03_Texture/T_ch1000_Skin_CTL.uasset" 236
"../../../../../Downloads/Tools/ScarletNexus/REDStrings/REDStrings/Content/Character/ch/ch1000/03_Texture/T_ch1000_Skin_NML.uasset" 237
"../../../../../Downloads/Tools/ScarletNexus/REDStrings/REDStrings/Content/Character/ch/ch1000/02_Material_i/MI_ch1000_SKIN_0.uasset" 238
"../../../../../Downloads/Tools/ScarletNexus/REDStrings/REDStrings/Content/Character/ch/ch1000/03_Texture/T_ch1000_SKIN_1_AMB.uasset" 239
"../../../../../Downloads/Tools/ScarletNexus/REDStrings/REDStrings/Content/Character/ch/ch1000/03_Texture/T_ch1000_SKIN_1_COL.uasset" 240
"../../../../../Downloads/Tools/ScarletNexus/REDStrings/REDStrings/Content/Character/ch/ch1000/03_Texture/T_ch1000_SKIN_1_CTL.uasset" 241
"../../../../../Downloads/Tools/ScarletNexus/REDStrings/REDStrings/Content/Character/ch/ch1000/03_Texture/T_ch1000_SKIN_1_NML.uasset" 242
"../../../../../Downloads/Tools/ScarletNexus/REDStrings/REDStrings/Content/Character/ch/ch1000/02_Material_i/MI_ch1000_SKIN_1.uasset" 243
"../../../../../Downloads/Tools/ScarletNexus/REDStrings/REDStrings/Content/Character/ch/ch1000/03_Texture/T_ch1000_Skin_COL_ALT.uasset" 244
"../../../../../Downloads/Tools/ScarletNexus/REDStrings/REDStrings/Content/Character/ch/ch1000/02_Material_i/MI_ch1000_SKIN_ALT.uasset" 245
"../../../../../Downloads/Tools/ScarletNexus/REDStrings/REDStrings/Content/Character/ch/ch1000/04_Mesh/PH_ch1000.uasset" 246
"../../../../../Downloads/Tools/ScarletNexus/REDStrings/REDStrings/Content/Character/ch/ch1000/04_Mesh/SK_ch1000.uasset" 247
"../../../../../Downloads/Tools/ScarletNexus/REDStrings/REDStrings/Content/Character/ch/ch1000/04_Mesh/SP_ch1000.uasset" 248
"../../../../../Downloads/Tools/ScarletNexus/REDStrings/REDStrings/Content/Character/ch/ch1000/04_Mesh/SM_ch1000.uasset" 249
"../../../../../Downloads/Tools/ScarletNexus/REDStrings/REDStrings/Content/Character/ch/ch1000/04_Mesh/SM_ch1015.uasset" 250
"../../../../../Downloads/Tools/ScarletNexus/REDStrings/REDStrings/Content/Database/AddContent/AddContentDataTable.uasset" 251
"../../../../../Downloads/Tools/ScarletNexus/REDStrings/REDStrings/Content/Database/AddContent/DT_AddContentsPresentList.uasset" 252
"../../../../../Downloads/Tools/ScarletNexus/REDStrings/REDStrings/Content/Database/Item/DT_ArrangeItemData.uasset" 253
"../../../../../Downloads/Tools/ScarletNexus/REDStrings/REDStrings/Content/Database/Item/DT_ArrangeItemIdList.uasset" 254
"../../../../../Downloads/Tools/ScarletNexus/REDStrings/REDStrings/Content/Database/Item/DT_ItemData.uasset" 255
"../../../../../Downloads/Tools/ScarletNexus/REDStrings/REDStrings/Content/Database/Item/ItemFavorabilityParam.uasset" 256
"../../../Engine/Content/EditorBlueprintResources/StandardMacros.uasset" 257
"../../../../../Downloads/Tools/ScarletNexus/REDStrings/REDStrings/Content/Database/Shop/-AddToSelectedShops.uasset" 258
"../../../../../Downloads/Tools/ScarletNexus/REDStrings/REDStrings/Content/Database/Shop/shop00.uasset" 259
"../../../../../Downloads/Tools/ScarletNexus/REDStrings/REDStrings/Content/Database/Shop/shop01.uasset" 260
"../../../../../Downloads/Tools/ScarletNexus/REDStrings/REDStrings/Content/Database/Shop/shop02.uasset" 261
"../../../../../Downloads/Tools/ScarletNexus/REDStrings/REDStrings/Content/Database/Shop/shop03.uasset" 262
"../../../../../Downloads/Tools/ScarletNexus/REDStrings/REDStrings/Content/Database/Shop/shop04.uasset" 263
"../../../../../Downloads/Tools/ScarletNexus/REDStrings/REDStrings/Content/Database/Shop/shop05.uasset" 264
"../../../../../Downloads/Tools/ScarletNexus/REDStrings/REDStrings/Content/Database/Shop/shop06.uasset" 265
"../../../../../Downloads/Tools/ScarletNexus/REDStrings/REDStrings/Content/Database/Shop/shop07.uasset" 266
"../../../../../Downloads/Tools/ScarletNexus/REDStrings/REDStrings/Content/Database/Shop/shop08.uasset" 267
"../../../../../Downloads/Tools/ScarletNexus/REDStrings/REDStrings/Content/Database/Shop/shop09.uasset" 268
"../../../../../Downloads/Tools/ScarletNexus/REDStrings/REDStrings/Content/Database/Shop/shop10.uasset" 269
"../../../../../Downloads/Tools/ScarletNexus/REDStrings/REDStrings/Content/Database/Shop/shop11.uasset" 270
"../../../../../Downloads/Tools/ScarletNexus/REDStrings/REDStrings/Content/Database/Shop/shop12.uasset" 271
"../../../../../Downloads/Tools/ScarletNexus/REDStrings/REDStrings/Content/Database/Shop/shop20.uasset" 272
"../../../../../Downloads/Tools/ScarletNexus/REDStrings/REDStrings/Content/Database/Shop/shop21.uasset" 273
"../../../../../Downloads/Tools/ScarletNexus/REDStrings/REDStrings/Content/Database/Shop/shop22.uasset" 274
"../../../../../Downloads/Tools/ScarletNexus/REDStrings/REDStrings/Content/Database/Shop/shop23.uasset" 275
"../../../../../Downloads/Tools/ScarletNexus/REDStrings/REDStrings/Content/Database/Shop/shop24.uasset" 276
"../../../../../Downloads/Tools/ScarletNexus/REDStrings/REDStrings/Content/Database/Shop/shop25.uasset" 277
"../../../../../Downloads/Tools/ScarletNexus/REDStrings/REDStrings/Content/Database/Shop/shop26.uasset" 278
"../../../../../Downloads/Tools/ScarletNexus/REDStrings/REDStrings/Content/Database/Shop/shop27.uasset" 279
"../../../../../Downloads/Tools/ScarletNexus/REDStrings/REDStrings/Content/Database/Shop/shop28.uasset" 280
"../../../../../Downloads/Tools/ScarletNexus/REDStrings/REDStrings/Content/Database/Shop/shop29.uasset" 281
"../../../../../Downloads/Tools/ScarletNexus/REDStrings/REDStrings/Content/Database/Shop/shop30.uasset" 282
"../../../../../Downloads/Tools/ScarletNexus/REDStrings/REDStrings/Content/Database/Shop/shop31.uasset" 283
"../../../../../Downloads/Tools/ScarletNexus/REDStrings/REDStrings/Content/Database/Shop/shop32.uasset" 284
"../../../../../Downloads/Tools/ScarletNexus/REDStrings/REDStrings/Content/Database/Shop/shop99.uasset" 285
"../../../../../Downloads/Tools/ScarletNexus/REDStrings/REDStrings/Content/Database/Shop/shop_dlc01_30.uasset" 286
"../../../../../Downloads/Tools/ScarletNexus/REDStrings/REDStrings/Content/Database/Shop/shop_dlc01_31.uasset" 287
"../../../../../Downloads/Tools/ScarletNexus/REDStrings/REDStrings/Content/Database/Text/DT_ItemDescription.uasset" 288
"../../../../../Downloads/Tools/ScarletNexus/REDStrings/REDStrings/Content/Database/Text/DT_ItemName.uasset" 289
"../../../../../Downloads/Tools/ScarletNexus/REDStrings/REDStrings/Content/Database/Text/DT_LoadingTips.uasset" 290
"../../../../../Downloads/Tools/ScarletNexus/REDStrings/REDStrings/Content/Environment/00_Common/03_Texture/noise5.uasset" 291
"../../../../../Downloads/Tools/ScarletNexus/REDStrings/REDStrings/Content/Environment/00_Common/03_Texture/Noise_01A.uasset" 292
"../../../../../Downloads/Tools/ScarletNexus/REDStrings/REDStrings/Content/Environment/00_Common/03_Texture/T_Detail_N.uasset" 293
"../../../../../Downloads/Tools/ScarletNexus/REDStrings/REDStrings/Content/Environment/00_Common/03_Texture/T_Dummy_RMA.uasset" 294
"../../../../../Downloads/Tools/ScarletNexus/REDStrings/REDStrings/Content/Environment/00_Common/03_Texture/T_en_Cloud.uasset" 295
"../../../../../Downloads/Tools/ScarletNexus/REDStrings/REDStrings/Content/Environment/00_Common/03_Texture/T_en_Wind_NML.uasset" 296
"../../../../../Downloads/Tools/ScarletNexus/REDStrings/REDStrings/Content/Environment/00_Common/03_Texture/T_oilslick.uasset" 297
"../../../../../Downloads/Tools/ScarletNexus/REDStrings/REDStrings/Content/Splash/EdSplash.uasset" 298
"../../../../../Downloads/Tools/ScarletNexus/REDStrings/REDStrings/Content/Splash/Splash.uasset" 299
"../../../Engine/Content/Functions/Engine_MaterialFunctions01/ImageAdjustment/sRGBToLinear.uasset" 300
"../../../../../Downloads/Tools/ScarletNexus/REDStrings/REDStrings/Content/Test/MF_GradientVisualizer.uasset" 301
"../../../../../Downloads/Tools/ScarletNexus/REDStrings/REDStrings/Content/Test/OutlineTest_Skeleton.uasset" 302
"../../../../../Downloads/Tools/ScarletNexus/REDStrings/REDStrings/Content/Test/OutlineTest.uasset" 303
"../../../../../Downloads/Tools/ScarletNexus/REDStrings/REDStrings/Content/Test/M_Wire_0.uasset" 304
"../../../../../Downloads/Tools/ScarletNexus/REDStrings/REDStrings/Content/Test/M_Wire_1.uasset" 305
"../../../../../Downloads/Tools/ScarletNexus/REDStrings/REDStrings/Content/Test/WireTest.uasset" 306
"../../../../../Downloads/Tools/ScarletNexus/REDStrings/REDStrings/Content/Test/Effects/Materials/Textures/RingEffect.uasset" 307
"../../../../../Downloads/Tools/ScarletNexus/REDStrings/REDStrings/Content/Test/Effects/Materials/Textures/ScanLines.uasset" 308
"../../../../../Downloads/Tools/ScarletNexus/REDStrings/REDStrings/Content/Test/Effects/Materials/MM_FX_Aina.uasset" 309
"../../../../../Downloads/Tools/ScarletNexus/REDStrings/REDStrings/Content/Test/Effects/Materials/MI_FX_Aina_InnerRing.uasset" 310
"../../Plugins/FX/Niagara/Content/DynamicInputs/Angles/NormalizedAngleToDegrees.uasset" 311
"../../Plugins/FX/Niagara/Content/DynamicInputs/TypeConversions/Vector2DFromFloat.uasset" 312
"../../Plugins/FX/Niagara/Content/Enums/ENiagaraRandomnessMode.uasset" 313
"../../Plugins/FX/Niagara/Content/Functions/GetRandomInfo.uasset" 314
"../../Plugins/FX/Niagara/Content/Functions/RandomRangeFloat.uasset" 315
"../../Plugins/FX/Niagara/Content/DynamicInputs/UniformRange/UniformRangedFloat.uasset" 316
"../../Plugins/FX/Niagara/Content/DynamicInputs/ValueFromCurve/FloatFromCurve.uasset" 317
"../../Plugins/FX/Niagara/Content/Functions/Localspace/SimulationPosition.uasset" 318
"../../Plugins/FX/Niagara/Content/Functions/Emitter/EmitterChangeState.uasset" 319
"../../Plugins/FX/Niagara/Content/Enums/ENiagara_EmitterStateOptions.uasset" 320
"../../Plugins/FX/Niagara/Content/Enums/ENiagara_InfiniteLoopDuration.uasset" 321
"../../Plugins/FX/Niagara/Content/Enums/ENiagaraEmitterLifeCycleMode.uasset" 322
"../../Plugins/FX/Niagara/Content/Enums/ENiagaraEmitterScalabilityMode_Limited.uasset" 323
"../../Plugins/FX/Niagara/Content/Enums/ENiagaraExecutionStateManagement.uasset" 324
"../../Plugins/FX/Niagara/Content/Enums/ENiagaraInactiveMode.uasset" 325
"../../Plugins/FX/Niagara/Content/Modules/Emitter/EmitterState.uasset" 326
"../../Plugins/FX/Niagara/Content/Modules/Emitter/SpawnPerUnit.uasset" 327
"../../Plugins/FX/Niagara/Content/Modules/Emitter/SpawnRate.uasset" 328
"../../Plugins/FX/Niagara/Content/Functions/DirectionAndLengthSafe.uasset" 329
"../../Plugins/FX/Niagara/Content/Modules/Solvers/SolveForcesAndVelocity.uasset" 330
"../../Plugins/FX/Niagara/Content/Modules/Spawn/Initialization/InitializeParticle.uasset" 331
"../../Plugins/FX/Niagara/Content/Enums/ENiagaraScaleColorMode.uasset" 332
"../../Plugins/FX/Niagara/Content/Modules/Update/Color/ScaleColor.uasset" 333
"../../Plugins/FX/Niagara/Content/Functions/FindAngleBetweenVectors.uasset" 334
"../../Plugins/FX/Niagara/Content/Functions/Masks/ConeMask.uasset" 335
"../../Plugins/FX/Niagara/Content/Enums/ENiagaraCurlNoiseQuality.uasset" 336
"../../Plugins/FX/Niagara/Content/VectorFields/Assets/TilingCurl16.uasset" 337
"../../Plugins/FX/Niagara/Content/VectorFields/Assets/TilingCurl32.uasset" 338
"../../Plugins/FX/Niagara/Content/VectorFields/Assets/TilingCurl64.uasset" 339
"../../Plugins/FX/Niagara/Content/Modules/Update/Forces/CurlNoiseForce.uasset" 340
"../../Plugins/FX/Niagara/Content/Modules/Update/Forces/Drag.uasset" 341
"../../Plugins/FX/Niagara/Content/Modules/Update/Lifetime/ParticleState.uasset" 342
"../../Plugins/FX/Niagara/Content/Modules/Update/Size/ScaleSpriteSize.uasset" 343
"../../../../../Downloads/Tools/ScarletNexus/REDStrings/REDStrings/Content/Test/Effects/NewNiagaraEmitter.uasset" 344
"../../../../../Downloads/Tools/ScarletNexus/REDStrings/REDStrings/Content/Test/Effects/NewNiagaraScript.uasset" 345
"../../../Engine/Content/Animation/DefaultAnimCurveCompressionSettings.uasset" 346
"../../../Engine/Content/Functions/Engine_MaterialFunctions01/Opacity/CameraDepthFade.uasset" 347
"../../../Engine/Content/EngineMaterials/T_Default_Material_Grid_M.uasset" 348
"../../../Engine/Content/EngineMaterials/T_Default_Material_Grid_N.uasset" 349
"../../../Engine/Content/EngineMaterials/WorldGridMaterial.uasset" 350
"../../../Engine/Content/ArtTools/RenderToTexture/Meshes/S_1_Unit_Plane.uasset" 351
"../../../Engine/Content/EngineMaterials/DefaultMaterial.uasset" 352
"../../../Engine/Content/BasicShapes/Cone.uasset" 353
"../../../Engine/Content/BasicShapes/Cube.uasset" 354
"../../../Engine/Content/BasicShapes/Cylinder.uasset" 355
"../../../Engine/Content/BasicShapes/Plane.uasset" 356
"../../../Engine/Content/BasicShapes/Sphere.uasset" 357
"../../../Engine/Content/EditorLandscapeResources/DataLayer.uasset" 358
"../../../Engine/Content/EditorMaterials/MAT_Groups_Toggle.uasset" 359
"../../../Engine/Content/EditorMaterials/MAT_Groups_Visibility.uasset" 360
"../../../Engine/Content/EditorMaterials/PreviewShadowIndicator.uasset" 361
"../../../Engine/Content/EditorMaterials/PreviewShadowIndicatorMaterial.uasset" 362
"../../../Engine/Content/EditorMaterials/MatineeGroups/MAT_ColorTrack.uasset" 363
"../../../Engine/Content/EditorMaterials/MatineeGroups/MAT_Groups_Anim.uasset" 364
"../../../Engine/Content/EditorMaterials/MatineeGroups/MAT_Groups_AudioMaster.uasset" 365
"../../../Engine/Content/EditorMaterials/MatineeGroups/MAT_Groups_Director.uasset" 366
"../../../Engine/Content/EditorMaterials/MatineeGroups/MAT_Groups_Event.uasset" 367
"../../../Engine/Content/EditorMaterials/MatineeGroups/MAT_Groups_Fade.uasset" 368
"../../../Engine/Content/EditorMaterials/MatineeGroups/MAT_Groups_Float.uasset" 369
"../../../Engine/Content/EditorMaterials/MatineeGroups/MAT_Groups_Move.uasset" 370
"../../../Engine/Content/EditorMaterials/MatineeGroups/MAT_Groups_Slomo.uasset" 371
"../../../Engine/Content/EditorMaterials/MatineeGroups/MAT_Groups_Sound.uasset" 372
"../../../Engine/Content/EditorMaterials/MatineeGroups/MAT_Groups_Vector.uasset" 373
"../../../Engine/Content/EditorMaterials/ParticleSystems/PSysThumbnail_NoImage.uasset" 374
"../../../Engine/Content/EditorMaterials/ParticleSystems/PSysThumbnail_OOD.uasset" 375
"../../../Engine/Content/EditorMaterials/Camera/CineMat.uasset" 376
"../../../Engine/Content/EditorMaterials/Camera/MI_CineMat_Rig.uasset" 377
"../../../Engine/Content/EditorMeshes/Camera/SM_CraneRig_Arm.uasset" 378
"../../../Engine/Content/EditorMeshes/Camera/SM_CraneRig_Base.uasset" 379
"../../../Engine/Content/EditorMeshes/Camera/SM_CraneRig_Body.uasset" 380
"../../../Engine/Content/EditorMeshes/Camera/SM_CraneRig_Mount.uasset" 381
"../../../Engine/Content/EditorMeshes/Camera/SM_RailRig_Mount.uasset" 382
"../../../Engine/Content/EditorMeshes/Camera/SM_RailRig_Track.uasset" 383
"../../../Engine/Content/EditorResources/BSPVertex.uasset" 384
"../../../Engine/Content/EditorResources/S_Actor.uasset" 385
"../../../Engine/Content/EditorResources/S_Note.uasset" 386
"../../../Engine/Content/EditorResources/S_Solver.uasset" 387
"../../../Engine/Content/EditorResources/S_Trigger.uasset" 388
"../../../Engine/Content/EditorResources/SequenceRecorder/Countdown.uasset" 389
"../../../Engine/Content/EditorResources/SequenceRecorder/RecordingIndicator.uasset" 390
"../../../Engine/Content/EditorSounds/Notifications/CompileFailed.uasset" 391
"../../../Engine/Content/EditorSounds/Notifications/CompileFailed_Cue.uasset" 392
"../../../Engine/Content/EditorSounds/Notifications/CompileSuccess.uasset" 393
"../../../Engine/Content/EditorSounds/Notifications/CompileStart_Cue.uasset" 394
"../../../Engine/Content/EditorSounds/Notifications/CompileSuccess_Cue.uasset" 395
"../../../Engine/Content/EngineDamageTypes/DmgTypeBP_Environmental.uasset" 396
"../../../Engine/Content/EngineDebugMaterials/DebugEditorMaterial.uasset" 397
"../../../Engine/Content/EngineDebugMaterials/DebugMeshMaterial.uasset" 398
"../../../Engine/Content/EngineDebugMaterials/M_SimpleUnlitTranslucent.uasset" 399
"../../../Engine/Content/Functions/Engine_MaterialFunctions02/Utility/CameraDirectionVector.uasset" 400
"../../../Engine/Content/EngineDebugMaterials/VolumeToRender.uasset" 401
"../../../Engine/Content/EngineDebugMaterials/M_VolumeRenderSphereTracePP.uasset" 402
"../../../Engine/Content/EngineDebugMaterials/WireframeMaterial.uasset" 403
"../../../Engine/Content/EngineFonts/Faces/DroidSansFallback.uasset" 404
"../../../Engine/Content/EngineFonts/Faces/RobotoBold.uasset" 405
"../../../Engine/Content/EngineFonts/Faces/RobotoBoldItalic.uasset" 406
"../../../Engine/Content/EngineFonts/Faces/RobotoItalic.uasset" 407
"../../../Engine/Content/EngineFonts/Faces/RobotoLight.uasset" 408
"../../../Engine/Content/EngineFonts/Faces/RobotoRegular.uasset" 409
"../../../Engine/Content/EngineFonts/Roboto.uasset" 410
"../../../Engine/Content/EngineMaterials/BaseFlattenDiffuseMap.uasset" 411
"../../../Engine/Content/EngineMaterials/BaseFlattenEmissiveMap.uasset" 412
"../../../Engine/Content/EngineMaterials/BaseFlattenGrayscaleMap.uasset" 413
"../../../Engine/Content/EngineMaterials/BaseFlattenNormalMap.uasset" 414
"../../../Engine/Content/EngineMaterials/BaseFlattenMaterial.uasset" 415
"../../../Engine/Content/EngineMaterials/BlueNoise.uasset" 416
"../../../Engine/Content/EngineMaterials/DefaultBloomKernel.uasset" 417
"../../../Engine/Content/EngineMaterials/DefaultBokeh.uasset" 418
"../../../Engine/Content/EngineMaterials/DefaultDiffuse.uasset" 419
"../../../Engine/Content/EngineMaterials/DefaultDeferredDecalMaterial.uasset" 420
"../../../Engine/Content/EngineMaterials/DefaultLightFunctionMaterial.uasset" 421
"../../../Engine/Content/EngineMaterials/DefaultPhysicalMaterial.uasset" 422
"../../../Engine/Content/Functions/Engine_MaterialFunctions02/Utility/BreakOutFloat2Components.uasset" 423
"../../../Engine/Content/EngineMaterials/DefaultPostProcessMaterial.uasset" 424
"../../../Engine/Content/EngineFonts/RobotoDistanceField.uasset" 425
"../../../Engine/Content/EngineMaterials/DefaultTextMaterialOpaque.uasset" 426
"../../../Engine/Content/EngineMaterials/DefaultWhiteGrid.uasset" 427
"../../../Engine/Content/EngineMaterials/DefaultWhiteGrid_Low.uasset" 428
"../../../Engine/Content/EngineMaterials/EmissiveMeshMaterial.uasset" 429
"../../../Engine/Content/EngineMaterials/GizmoMaterial.uasset" 430
"../../../Engine/Content/EngineMaterials/Good64x64TilingNoiseHighFreq.uasset" 431
"../../../Engine/Content/EngineMaterials/MiniFont.uasset" 432
"../../../Engine/Content/EngineMaterials/InvalidLightmapSettings.uasset" 433
"../../../Engine/Content/EngineMaterials/M_InvalidLightmapSettings.uasset" 434
"../../../Engine/Content/Functions/Engine_MaterialFunctions02/WorldPositionOffset/CameraOffset.uasset" 435
"../../../Engine/Content/EngineMaterials/PhAT_JointLimitMaterial.uasset" 436
"../../../Engine/Content/EngineMaterials/PreintegratedSkinBRDF.uasset" 437
"../../../Engine/Content/EngineMaterials/RemoveSurfaceMaterial.uasset" 438
"../../../Engine/Content/EngineMaterials/WeightMapPlaceholderTexture.uasset" 439
"../../../Engine/Content/EngineResources/WhiteSquareTexture.uasset" 440
"../../../Engine/Content/EngineMaterials/Widget3DPassThrough.uasset" 441
"../../../Engine/Content/EngineMaterials/Widget3DPassThrough_Masked.uasset" 442
"../../../Engine/Content/EngineMaterials/Widget3DPassThrough_Opaque.uasset" 443
"../../../Engine/Content/EngineMaterials/Widget3DPassThrough_Masked_OneSided.uasset" 444
"../../../Engine/Content/EngineMaterials/Widget3DPassThrough_Opaque_OneSided.uasset" 445
"../../../Engine/Content/EngineMaterials/Widget3DPassThrough_Translucent.uasset" 446
"../../../Engine/Content/EngineMaterials/Widget3DPassThrough_Translucent_OneSided.uasset" 447
"../../../Engine/Content/EngineMeshes/Cylinder.uasset" 448
"../../../Engine/Content/EngineMeshes/Sphere.uasset" 449
"../../../Engine/Content/EngineResources/Black.uasset" 450
"../../../Engine/Content/EngineResources/DefaultTextureCube.uasset" 451
"../../../Engine/Content/EngineResources/DefaultVolumeTexture2D.uasset" 452
"../../../Engine/Content/EngineResources/DefaultVolumeTexture.uasset" 453
"../../../Engine/Content/EngineResources/GradientTexture0.uasset" 454
"../../../Engine/Content/EngineSounds/Master.uasset" 455
"../../../Engine/Content/Functions/Engine_MaterialFunctions01/Shading/ConvertFromDiffSpec.uasset" 456
"../../../Engine/Content/Functions/Engine_MaterialFunctions01/Shading/PowerToRoughness.uasset" 457
"../../../Engine/Content/Maps/Templates/Thumbnails/Default.uasset" 458
"../../../Engine/Content/Maps/Templates/Thumbnails/TimeOfDay.uasset" 459
"../../../Engine/Content/Maps/Templates/Thumbnails/VR-Basic.uasset" 460
"../../../Engine/Content/MobileResources/T_MobileControls_texture.uasset" 461
"../../../Engine/Content/MobileResources/T_MobileMenu2.uasset" 462
"../../../Engine/Content/MobileResources/HUD/AnalogHat.uasset" 463
"../../../Engine/Content/MobileResources/HUD/VirtualJoystick_Background.uasset" 464
"../../../Engine/Content/MobileResources/HUD/VirtualJoystick_Thumb.uasset" 465
"../../../Engine/Content/MobileResources/HUD/DefaultVirtualJoysticks.uasset" 466
"../../../Engine/Content/MobileResources/HUD/LeftVirtualJoystickOnly.uasset" 467
"../../../Engine/Content/MobileResources/HUD/MobileHUDButton1_off.uasset" 468
"../../../Engine/Content/MobileResources/HUD/MobileHUDButton1_on.uasset" 469
"../../../Engine/Content/MobileResources/HUD/MobileHUDButton2_off.uasset" 470
"../../../Engine/Content/MobileResources/HUD/MobileHUDButton2_on.uasset" 471
"../../../Engine/Content/MobileResources/HUD/MobileHUDButton3.uasset" 472
"../../../Engine/Content/MobileResources/HUD/MobileHUDButtonFire.uasset" 473
"../../../Engine/Content/MobileResources/HUD/MobileHUDDirectionPad.uasset" 474
"../../../Engine/Content/MobileResources/HUD/MobileHUDDirectionPad2.uasset" 475
"../../../Engine/Content/MobileResources/HUD/MobileHUDDirectionPad3.uasset" 476
"../../../Engine/Content/MobileResources/HUD/MobileHUDDirectionStick.uasset" 477
"../../../Engine/Content/MobileResources/HUD/T_Castle_ThumbstickInner.uasset" 478
"../../../Engine/Content/MobileResources/HUD/T_Castle_ThumbstickOutter.uasset" 479
"../../../Engine/Content/Tutorial/ContentIntroCurve.uasset" 480
"../../../Engine/Content/Tutorial/Basics/LevelEditorAttract.uasset" 481
"../../../Engine/Content/Tutorial/SubEditors/MaterialEditorTutorial.uasset" 482
"../../../Engine/Content/Tutorial/SubEditors/TutorialAssets/TutorialMaterial.uasset" 483
"../../../Engine/Content/VREditor/LaserPointer/VR_LaserPower_01.uasset" 484
"../../../Engine/Content/VREditor/TransformGizmo/TransformGizmoMaterial.uasset" 485
"../../../Engine/Content/VREditor/TransformGizmo/TranslucentTransformGizmoMaterial.uasset" 486
"../../../Engine/Content/VREditor/TransformGizmo/BoundingBoxCorner.uasset" 487
"../../../Engine/Content/VREditor/TransformGizmo/BoundingBoxEdge.uasset" 488
"../../../Engine/Content/VREditor/TransformGizmo/PlaneTranslationHandle.uasset" 489
"../../../Engine/Content/VREditor/TransformGizmo/Main.uasset" 490
"../../../Engine/Content/VREditor/TransformGizmo/Xray.uasset" 491
"../../../Engine/Content/VREditor/TransformGizmo/SM_Sequencer_Key.uasset" 492
"../../../Engine/Content/VREditor/TransformGizmo/SM_Sequencer_Node.uasset" 493
"../../Plugins/2D/Paper2D/Content/PlaceholderTextures/DummySpriteTexture.uasset" 494
"../../Plugins/2D/Paper2D/Content/DummySprite.uasset" 495
"../../Plugins/2D/Paper2D/Content/DefaultPaperTerrainMaterial.uasset" 496
"../../Plugins/2D/Paper2D/Content/DefaultSpriteMaterial.uasset" 497
"../../Plugins/2D/Paper2D/Content/MaskedUnlitSpriteMaterial.uasset" 498
"../../Plugins/2D/Paper2D/Content/OpaqueUnlitSpriteMaterial.uasset" 499
"../../Plugins/FX/Niagara/Content/Enums/ENiagaraBooleanLogicOps.uasset" 500
"../../Plugins/FX/Niagara/Content/Enums/ENiagaraCoordinateSpace.uasset" 501
"../../Plugins/FX/Niagara/Content/Enums/ENiagaraExpansionMode.uasset" 502
"../../Plugins/FX/Niagara/Content/Enums/ENiagaraOrientationAxis.uasset" 503
"../../../Engine/Content/Functions/Engine_MaterialFunctions02/Utility/BreakOutFloat4Components.uasset" 504
"../../../Engine/Content/Functions/Engine_MaterialFunctions02/Utility/MakeFloat2.uasset" 505
"../../Plugins/Runtime/Oculus/OculusVR/Content/Materials/OculusMR_ChromaKey.uasset" 506
"../../Plugins/Runtime/Oculus/OculusVR/Content/Materials/OculusMR_ChromaKey_Lit.uasset" 507
"../../Plugins/Runtime/Oculus/OculusVR/Content/Materials/OculusMR_OpaqueColoredMaterial.uasset" 508
"../../Plugins/Runtime/Oculus/OculusVR/Content/Materials/OculusMR_WhiteMaterial.uasset" 509
"../../../../../Downloads/Tools/ScarletNexus/REDStrings/REDStrings/Plugins/Marketplace/VertexAnimToolset/Content/VertexAnimFunctions/QuatRotateVector.uasset" 510
"../../../../../Downloads/Tools/ScarletNexus/REDStrings/REDStrings/Plugins/Marketplace/VertexAnimToolset/Content/VertexAnimFunctions/ApplyPivot.uasset" 511
"../../../../../Downloads/Tools/ScarletNexus/REDStrings/REDStrings/Plugins/Marketplace/VertexAnimToolset/Content/VertexAnimFunctions/DecodeQuat.uasset" 512
"../../../../../Downloads/Tools/ScarletNexus/REDStrings/REDStrings/Plugins/Marketplace/VertexAnimToolset/Content/VertexAnimFunctions/DecodeVectorHDR.uasset" 513
"../../../../../Downloads/Tools/ScarletNexus/REDStrings/REDStrings/Plugins/Marketplace/VertexAnimToolset/Content/VertexAnimFunctions/ExtractAnimData_Pivot.uasset" 514
"../../../../../Downloads/Tools/ScarletNexus/REDStrings/REDStrings/Plugins/Marketplace/VertexAnimToolset/Content/VertexAnimFunctions/QuatNormalize.uasset" 515
"../../../../../Downloads/Tools/ScarletNexus/REDStrings/REDStrings/Plugins/Marketplace/VertexAnimToolset/Content/VertexAnimFunctions/SlerpQuats.uasset" 516
"../../../../../Downloads/Tools/ScarletNexus/REDStrings/REDStrings/Plugins/Marketplace/VertexAnimToolset/Content/VertexAnimFunctions/ExtractAnimData_Pivot_Interp.uasset" 517
"../../../../../Downloads/Tools/ScarletNexus/REDStrings/REDStrings/Plugins/Marketplace/VertexAnimToolset/Content/VertexAnimFunctions/ExtractAnimData_Skin.uasset" 518
"../../../../../Downloads/Tools/ScarletNexus/REDStrings/REDStrings/Plugins/Marketplace/VertexAnimToolset/Content/VertexAnimFunctions/DecodeVector.uasset" 519
"../../../../../Downloads/Tools/ScarletNexus/REDStrings/REDStrings/Plugins/Marketplace/VertexAnimToolset/Content/VertexAnimFunctions/ExtractAnimData_Vert_Interp.uasset" 520
"../../../../../Downloads/Tools/ScarletNexus/REDStrings/REDStrings/Plugins/Marketplace/VertexAnimToolset/Content/VertexAnimFunctions/MultiPlyQUats.uasset" 521
"../../../../../Downloads/Tools/ScarletNexus/REDStrings/REDStrings/Plugins/Marketplace/VertexAnimToolset/Content/VertexAnimFunctions/QuatUnrotateVector.uasset" 522
"../../../Engine/Content/Functions/Engine_MaterialFunctions02/WorldPositionOffset/ObjectPivotPoint.uasset" 523
"../../../Engine/Content/Functions/Engine_MaterialFunctions02/Utility/BreakOutFloat3Components.uasset" 524
"../../../../../Downloads/Tools/ScarletNexus/REDStrings/REDStrings/Plugins/Marketplace/VertexAnimToolset/Content/VertexAnimFunctions/AxisBasedTransform.uasset" 525
"../../../../../Downloads/Tools/ScarletNexus/REDStrings/REDStrings/Plugins/Marketplace/VertexAnimToolset/Content/VertexAnimFunctions/TransformUniformScale.uasset" 526
"../../../../../Downloads/Tools/ScarletNexus/REDStrings/REDStrings/Plugins/Runtime/CriWare/CriWare/Content/AnimNotifyState_AtomPlayGate.uasset" 527
"../../../../../Downloads/Tools/ScarletNexus/REDStrings/REDStrings/Plugins/Runtime/CriWare/CriWare/Content/AnimNotify_PlayAtomCue.uasset" 528
"../../../../../Downloads/Tools/ScarletNexus/REDStrings/REDStrings/Content/Maps/Untitled.umap" 529
"../../../Engine/Content/Maps/Entry_BuiltData.uasset" 530
"../../../Engine/Content/Maps/Entry.umap" 531
